OR_alpha2       ctg000500       94.794  1287    46      8       10961   12244   17848783        17847515        0.0     1986
OR_alpha2       ctg000300       93.567  513     31      1       2648    3160    2893861 2894371 0.0     763
OR_alpha2       ctg000300       93.567  513     32      1       2648    3160    2897615 2898126 0.0     763
OR_alpha2       ctg000300       94.152  513     28      1       2648    3160    2901371 2901881 0.0     780
OR_alpha2       ctg000300       91.924  2489    135     28      3485    5972    2902381 2904804 0.0     3422
OR_alpha2       ctg000300       93.648  551     34      1       6389    6939    2907031 2907580 0.0     822
OR_alpha2       ctg000360       91.107  551     31      9       6849    7393    29146   29684   0.0     730
OR_alpha2       ctg000300       92.219  784     57      1       7182    7961    2924475 2925258 0.0     1107
OR_alpha2       ctg000300       95.517  803     29      3       9649    10445   2947478 2948279 0.0     1277
OR_alpha2       ctg000300       94.149  1128    58      6       11069   12190   2962740 2963865 0.0     1711
OR_alpha2       ctg000360       93.262  564     25      7       7761    8324    52083   52633   0.0     819
OR_alpha2       ctg000360       90.732  874     58      11      6849    7716    52944   53800   0.0     1144
OR_alpha2       ctg000360       93.617  564     24      5       7761    8324    53808   54359   0.0     832
OR_alpha2       ctg000360       91.190  874     66      7       6849    7716    54667   55535   0.0     1177
OR_alpha2       ctg000360       93.440  564     24      5       7761    8324    55543   56093   0.0     824
OR_alpha2       ctg000360       91.076  874     67      7       6849    7716    56402   57270   0.0     1171
OR_alpha2       ctg000360       93.794  564     25      4       7761    8324    57278   57831   0.0     839
OR_alpha2       ctg000360       90.868  876     59      12      6849    7716    58139   59001   0.0     1155
OR_alpha2       ctg000360       93.085  564     25      5       7761    8324    59009   59558   0.0     813
OR_alpha2       ctg000300       96.578  906     26      1       3153    4053    6246656 6247561 0.0     1496
OR_alpha2       ctg000360       90.514  875     61      10      6849    7716    72695   73554   0.0     1136
OR_alpha2       ctg000940       99.590  7566    15      7       1       7553    7377502 7369940 0.0     13786
OR_alpha2       ctg000940       99.746  2360    1       1       12400   14759   7381809 7379455 0.0     4320
OR_alpha2       ctg000940       99.855  12407   3       8       1       12401   7394973 7382576 0.0     22798
OR_alpha2       ctg000940       99.552  3568    4       6       12400   15967   7398528 7394973 0.0     6490
OR_alpha2       ctg000940       99.828  5829    0       5       10141   15967   7400555 7406375 0.0     10700
OR_alpha2       ctg000940       99.935  4634    0       3       1       4634    7406376 7411006 0.0     8538
OR_alpha2       ctg000940       99.887  5326    0       6       6788    12113   7411003 7416322 0.0     9797
OR_alpha2       ctg000940       99.815  7552    7       7       1       7552    7454228 7446684 0.0     13862
OR_alpha2       ctg000940       98.635  3589    10      12      12400   15967   7457789 7454219 0.0     6320
OR_alpha2       ctg000940       99.868  2271    3       0       10131   12401   7460826 7458556 0.0     4178
OR_alpha2       ctg000940       99.744  10142   11      7       1       10132   7471795 7461659 0.0     18571
OR_alpha2       ctg000940       98.816  2365    7       5       12400   14759   7476121 7473773 0.0     4193
OR_alpha2       ctg000940       99.193  3967    11      17      8449    12401   7480847 7476888 0.0     7129
OR_alpha2       ctg000940       98.576  5968    19      44      2593    8500    7486799 7480838 0.0     10490
OR_alpha2       ctg000940       99.301  2575    5       10      1       2570    7493140 7490574 0.0     4643
OR_alpha2       ctg000940       97.981  2130    5       10      13842   15967   7495238 7493143 0.0     3661
OR_alpha2       ctg000940       99.741  13499   3       16      1       13482   7511762 7498279 0.0     24705
OR_alpha2       ctg000940       99.692  3571    1       5       12400   15967   7515321 7511758 0.0     6525
OR_alpha2       ctg000940       99.839  12401   11      7       1       12401   7528663 7516272 0.0     22781
OR_alpha2       ctg000940       99.527  5074    7       11      10880   15945   7533731 7528667 0.0     9221
OR_alpha2       ctg000940       99.801  2015    1       2       8869    10883   7541331 7539320 0.0     3696
OR_alpha2       ctg000940       99.691  3232    1       6       5642    8873    7545173 7541951 0.0     5904
OR_alpha2       ctg000940       99.879  5781    2       4       1       5780    7551753 7545977 0.0     10632
OR_alpha2       ctg000940       99.814  14552   7       14      658     15206   7567534 7553000 0.0     26705
OR_alpha2       ctg000940       99.697  659     0       1       1       659     7568966 7568310 0.0     1205
OR_alpha2       ctg000940       99.865  742     1       0       14582   15323   7570236 7569495 0.0     1365
OR_alpha2       ctg000940       98.986  592     0       2       12328   12919   7571632 7571047 0.0     1055
OR_alpha2       ctg000940       99.889  1803    2       0       10527   12329   7574063 7572261 0.0     3319
OR_alpha2       ctg000940       99.698  7941    13      6       2593    10529   7582770 7574837 0.0     14521
OR_alpha2       ctg000940       99.611  2570    4       3       1       2570    7589061 7586498 0.0     4686
OR_alpha2       ctg000940       98.260  2126    4       4       13842   15967   7591150 7589058 0.0     3690
OR_alpha2       ctg000940       99.406  9926    23      17      3570    13482   7604093 7594191 0.0     17970
OR_alpha2       ctg000360       93.451  565     23      8       7761    8324    90708   91259   0.0     826